<?xml version="1.0" encoding="UTF-8"?>
<robot generator="Robot 3.2.2 (Python 3.7.3 on win32)" generated="20201210 20:25:02.786" rpa="false">
<suite id="s1" name="Login Test" source="F:\DD-Dinner-Dog\Demo-robot\testcases\login_test.robot">
<test id="s1-t1" name="Valid Login">
<kw name="Open Browser To DD Dinner Dog">
<kw name="Open Browser" library="SeleniumLibrary">
<doc>Opens a new browser instance to the optional ``url``.</doc>
<arguments>
<arg>${LOGIN URL}</arg>
<arg>${BROWSER}</arg>
</arguments>
<msg timestamp="20201210 20:25:09.352" level="INFO">Opening browser 'Chrome' to base url 'http://localhost:3000/login'.</msg>
<kw name="Capture Page Screenshot" library="SeleniumLibrary">
<doc>Takes a screenshot of the current page and embeds it into a log file.</doc>
<msg timestamp="20201210 20:25:32.917" level="INFO" html="yes">&lt;/td&gt;&lt;/tr&gt;&lt;tr&gt;&lt;td colspan="3"&gt;&lt;a href="selenium-screenshot-1.png"&gt;&lt;img src="selenium-screenshot-1.png" width="800px"&gt;&lt;/a&gt;</msg>
<status status="PASS" starttime="20201210 20:25:32.100" endtime="20201210 20:25:32.917"></status>
</kw>
<msg timestamp="20201210 20:25:33.116" level="FAIL">WebDriverException: Message: unknown error: net::ERR_CONNECTION_REFUSED
  (Session info: chrome=87.0.4280.88)
</msg>
<status status="FAIL" starttime="20201210 20:25:09.352" endtime="20201210 20:25:33.116"></status>
</kw>
<status status="FAIL" starttime="20201210 20:25:09.352" endtime="20201210 20:25:33.117"></status>
</kw>
<status status="FAIL" starttime="20201210 20:25:09.351" endtime="20201210 20:25:33.117" critical="yes">WebDriverException: Message: unknown error: net::ERR_CONNECTION_REFUSED
  (Session info: chrome=87.0.4280.88)
</status>
</test>
<test id="s1-t2" name="Invalid Login Case1 : log in with Unregister Email">
<kw name="Open Browser To DD Dinner Dog">
<kw name="Open Browser" library="SeleniumLibrary">
<doc>Opens a new browser instance to the optional ``url``.</doc>
<arguments>
<arg>${LOGIN URL}</arg>
<arg>${BROWSER}</arg>
</arguments>
<msg timestamp="20201210 20:25:33.121" level="INFO">Opening browser 'Chrome' to base url 'http://localhost:3000/login'.</msg>
<kw name="Capture Page Screenshot" library="SeleniumLibrary">
<doc>Takes a screenshot of the current page and embeds it into a log file.</doc>
<msg timestamp="20201210 20:25:52.073" level="FAIL">WebDriverException: Message: chrome not reachable
  (Session info: chrome=87.0.4280.88)
</msg>
<status status="FAIL" starttime="20201210 20:25:39.888" endtime="20201210 20:25:52.073"></status>
</kw>
<msg timestamp="20201210 20:25:52.073" level="WARN">Keyword 'Capture Page Screenshot' could not be run on failure: WebDriverException: Message: chrome not reachable
  (Session info: chrome=87.0.4280.88)
</msg>
<msg timestamp="20201210 20:25:52.076" level="FAIL">WebDriverException: Message: unknown error: cannot determine loading status
from disconnected: received Inspector.detached event
  (Session info: chrome=87.0.4280.88)
</msg>
<status status="FAIL" starttime="20201210 20:25:33.121" endtime="20201210 20:25:52.077"></status>
</kw>
<status status="FAIL" starttime="20201210 20:25:33.120" endtime="20201210 20:25:52.077"></status>
</kw>
<status status="FAIL" starttime="20201210 20:25:33.119" endtime="20201210 20:25:52.078" critical="yes">WebDriverException: Message: unknown error: cannot determine loading status
from disconnected: received Inspector.detached event
  (Session info: chrome=87.0.4280.88)
</status>
</test>
<test id="s1-t3" name="Invalid Login Case2 : log in with Email and Password not matched">
<kw name="Open Browser To DD Dinner Dog">
<kw name="Open Browser" library="SeleniumLibrary">
<doc>Opens a new browser instance to the optional ``url``.</doc>
<arguments>
<arg>${LOGIN URL}</arg>
<arg>${BROWSER}</arg>
</arguments>
<msg timestamp="20201210 20:25:52.082" level="INFO">Opening browser 'Chrome' to base url 'http://localhost:3000/login'.</msg>
<kw name="Capture Page Screenshot" library="SeleniumLibrary">
<doc>Takes a screenshot of the current page and embeds it into a log file.</doc>
<status status="FAIL" starttime="20201210 20:26:00.461" endtime="20201210 20:26:00.461"></status>
</kw>
<msg timestamp="20201210 20:26:00.461" level="WARN">Keyword 'Capture Page Screenshot' could not be run on failure: Execution terminated by signal</msg>
<status status="FAIL" starttime="20201210 20:25:52.082" endtime="20201210 20:26:00.461"></status>
</kw>
<status status="FAIL" starttime="20201210 20:25:52.081" endtime="20201210 20:26:00.461"></status>
</kw>
<status status="FAIL" starttime="20201210 20:25:52.080" endtime="20201210 20:26:00.461" critical="yes">Execution terminated by signal</status>
</test>
<test id="s1-t4" name="Forget Password">
<tags>
<tag>robot:exit</tag>
</tags>
<status status="FAIL" starttime="20201210 20:26:00.461" endtime="20201210 20:26:00.461" critical="yes">Test execution stopped due to a fatal error.</status>
</test>
<test id="s1-t5" name="Register New User">
<tags>
<tag>robot:exit</tag>
</tags>
<status status="FAIL" starttime="20201210 20:26:00.461" endtime="20201210 20:26:00.461" critical="yes">Test execution stopped due to a fatal error.</status>
</test>
<test id="s1-t6" name="Switch role user : User to vet">
<tags>
<tag>robot:exit</tag>
</tags>
<status status="FAIL" starttime="20201210 20:26:00.471" endtime="20201210 20:26:00.471" critical="yes">Test execution stopped due to a fatal error.</status>
</test>
<doc>Simple example using SeleniumLibrary.</doc>
<status status="FAIL" starttime="20201210 20:25:02.786" endtime="20201210 20:26:00.471"></status>
</suite>
<statistics>
<total>
<stat pass="0" fail="6">Critical Tests</stat>
<stat pass="0" fail="6">All Tests</stat>
</total>
<tag>
<stat pass="0" fail="3" info="combined" combined="NOT robot:exit">NOT robot:exit</stat>
<stat pass="0" fail="3">robot:exit</stat>
</tag>
<suite>
<stat pass="0" fail="6" id="s1" name="Login Test">Login Test</stat>
</suite>
</statistics>
<errors>
<msg timestamp="20201210 20:25:52.073" level="WARN">Keyword 'Capture Page Screenshot' could not be run on failure: WebDriverException: Message: chrome not reachable
  (Session info: chrome=87.0.4280.88)
</msg>
<msg timestamp="20201210 20:26:00.461" level="WARN">Keyword 'Capture Page Screenshot' could not be run on failure: Execution terminated by signal</msg>
</errors>
</robot>
